<?xml version="1.0" encoding="UTF-8"?>
<!-- Generated by org.testng.reporters.JUnitXMLReporter -->
<testsuite ignored="3" hostname="MSI" failures="0" tests="0" name="Test" time="3.245" errors="0" timestamp="2024-01-14T10:35:05 IST">
  <testcase classname="com.flamingo.pom.BaseClass" name="@AfterTest driverClosing" time="0.0">
    <ignored/>
  </testcase> <!-- @AfterTest driverClosing -->
  <testcase classname="com.flamingo.OrangeHRM.LoginPageTest" name="loginWithInCorrectCredential" time="0.0">
    <ignored/>
  </testcase> <!-- loginWithInCorrectCredential -->
  <testcase classname="com.flamingo.pom.BaseClass" name="@BeforeTest driverInitialization" time="0.0">
    <ignored/>
  </testcase> <!-- @BeforeTest driverInitialization -->
</testsuite> <!-- Test -->
