<?xml version="1.0" encoding="UTF-8"?>
<!-- Generated by org.testng.reporters.JUnitXMLReporter -->
<testsuite ignored="2" hostname="MSI" failures="0" tests="2" name="Test" time="10.34" errors="0" timestamp="2023-12-31T19:48:12 IST">
  <testcase classname="com.flamingo.testScripts.LoginClassToGoogle" name="testScenario1" time="2.119"/>
  <testcase classname="com.flamingo.testScripts.LoginToswaglab" name="test" time="5.36"/>
  <testcase classname="com.flamingo.pom.BaseClass" name="@AfterTest driverClosing" time="0.0">
    <ignored/>
  </testcase> <!-- @AfterTest driverClosing -->
  <testcase classname="com.flamingo.pom.BaseClass" name="@BeforeTest driverInitialization" time="0.0">
    <ignored/>
  </testcase> <!-- @BeforeTest driverInitialization -->
</testsuite> <!-- Test -->
