<?xml version="1.0" encoding="UTF-8"?>
<!-- Generated by org.testng.reporters.JUnitXMLReporter -->
<testsuite ignored="2" hostname="MSI" failures="0" tests="0" name="valid login credential" time="3.176" errors="0" timestamp="2024-01-12T01:31:38 IST">
  <testcase classname="com.flamingo.pom.BaseClass" name="@AfterTest driverClosing" time="0.0">
    <ignored/>
  </testcase> <!-- @AfterTest driverClosing -->
  <testcase classname="com.flamingo.pom.BaseClass" name="@BeforeTest driverInitialization" time="0.0">
    <ignored/>
  </testcase> <!-- @BeforeTest driverInitialization -->
</testsuite> <!-- valid login credential -->
