<?xml version="1.0" encoding="UTF-8"?>
<!-- Generated by org.testng.reporters.JUnitXMLReporter -->
<testsuite ignored="2" hostname="MSI" failures="0" tests="2" name="valid login credential" time="11.415" errors="0" timestamp="2023-12-31T20:03:35 IST">
  <testcase classname="com.flamingo.testScripts.LoginClassToGoogle" name="testScenario1" time="3.428"/>
  <testcase classname="com.flamingo.testScripts.LoginToswaglab" name="test" time="5.163"/>
  <testcase classname="com.flamingo.pom.BaseClass" name="@AfterTest driverClosing" time="0.0">
    <ignored/>
  </testcase> <!-- @AfterTest driverClosing -->
  <testcase classname="com.flamingo.pom.BaseClass" name="@BeforeTest driverInitialization" time="0.0">
    <ignored/>
  </testcase> <!-- @BeforeTest driverInitialization -->
</testsuite> <!-- valid login credential -->
