<?xml version="1.0" encoding="UTF-8"?>
<testng-results ignored="0" total="1" passed="1" failed="0" skipped="0">
  <reporter-output>
  </reporter-output>
  <suite started-at="2024-01-07T23:15:19 IST" name="Default suite" finished-at="2024-01-07T23:15:26 IST" duration-ms="6917">
    <groups>
    </groups>
    <test started-at="2024-01-07T23:15:19 IST" name="Default test" finished-at="2024-01-07T23:15:26 IST" duration-ms="6917">
      <class name="com.flamingo.OrangeHRM.LoginPageTest">
        <test-method is-config="true" signature="driverInitialization()[pri:0, instance:com.flamingo.OrangeHRM.LoginPageTest@5677323c]" started-at="2024-01-07T23:15:19 IST" name="driverInitialization" finished-at="2024-01-07T23:15:21 IST" duration-ms="1624" status="PASS">
          <reporter-output>
          </reporter-output>
        </test-method> <!-- driverInitialization -->
        <test-method signature="loginWithCorrectCredential()[pri:0, instance:com.flamingo.OrangeHRM.LoginPageTest@5677323c]" started-at="2024-01-07T23:15:21 IST" name="loginWithCorrectCredential" finished-at="2024-01-07T23:15:26 IST" duration-ms="5156" status="PASS">
          <reporter-output>
          </reporter-output>
        </test-method> <!-- loginWithCorrectCredential -->
        <test-method is-config="true" signature="driverClosing()[pri:0, instance:com.flamingo.OrangeHRM.LoginPageTest@5677323c]" started-at="2024-01-07T23:15:26 IST" name="driverClosing" finished-at="2024-01-07T23:15:26 IST" duration-ms="109" status="PASS">
          <reporter-output>
          </reporter-output>
        </test-method> <!-- driverClosing -->
      </class> <!-- com.flamingo.OrangeHRM.LoginPageTest -->
    </test> <!-- Default test -->
  </suite> <!-- Default suite -->
</testng-results>
